# JRE version: Java(TM) SE Runtime Environment (8.0_74-b02) (build 1.8.0_74-b02)
# Java VM: Java HotSpot(TM) 64-Bit Server VM (25.74-b02 mixed mode linux-amd64 compressed oops)
Heap:
 PSYoungGen      total 501248K, used 1428K [0x000000076df80000, 0x000000078e500000, 0x00000007c0000000)
  eden space 477696K, 0% used [0x000000076df80000,0x000000076df80000,0x000000078b200000)
  from space 23552K, 6% used [0x000000078b200000,0x000000078b365280,0x000000078c900000)
  to   space 23040K, 0% used [0x000000078c900000,0x000000078c900000,0x000000078df80000)
 ParOldGen       total 88576K, used 45003K [0x00000006c9e00000, 0x00000006cf480000, 0x000000076df80000)
  object space 88576K, 50% used [0x00000006c9e00000,0x00000006cc9f2cd0,0x00000006cf480000)
 Metaspace       used 29461K, capacity 30460K, committed 30592K, reserved 1077248K
  class space    used 3366K, capacity 3642K, committed 3712K, reserved 1048576K
GC Heap History (10 events):
Event: 50.548 GC heap after
Heap after GC invocations=5 (full 1):
 PSYoungGen      total 138240K, used 0K [0x000000076df80000, 0x000000077ec80000, 0x00000007c0000000)
  eden space 128000K, 0% used [0x000000076df80000,0x000000076df80000,0x0000000775c80000)
  from space 10240K, 0% used [0x0000000776680000,0x0000000776680000,0x0000000777080000)
  to   space 10240K, 0% used [0x0000000775c80000,0x0000000775c80000,0x0000000776680000)
 ParOldGen       total 88576K, used 16801K [0x00000006c9e00000, 0x00000006cf480000, 0x000000076df80000)
  object space 88576K, 18% used [0x00000006c9e00000,0x00000006cae68710,0x00000006cf480000)
 Metaspace       used 20677K, capacity 21154K, committed 21296K, reserved 1069056K
  class space    used 2489K, capacity 2645K, committed 2688K, reserved 1048576K
}
Event: 51.633 GC heap before
{Heap before GC invocations=6 (full 1):
 PSYoungGen      total 138240K, used 128000K [0x000000076df80000, 0x000000077ec80000, 0x00000007c0000000)
  eden space 128000K, 100% used [0x000000076df80000,0x0000000775c80000,0x0000000775c80000)
  from space 10240K, 0% used [0x0000000776680000,0x0000000776680000,0x0000000777080000)
  to   space 10240K, 0% used [0x0000000775c80000,0x0000000775c80000,0x0000000776680000)
 ParOldGen       total 88576K, used 16801K [0x00000006c9e00000, 0x00000006cf480000, 0x000000076df80000)
  object space 88576K, 18% used [0x00000006c9e00000,0x00000006cae68710,0x00000006cf480000)
 Metaspace       used 23482K, capacity 24126K, committed 24320K, reserved 1071104K
  class space    used 2793K, capacity 2958K, committed 3072K, reserved 1048576K
Event: 51.649 GC heap after
Heap after GC invocations=6 (full 1):
 PSYoungGen      total 138240K, used 10233K [0x000000076df80000, 0x000000077f280000, 0x00000007c0000000)
  eden space 128000K, 0% used [0x000000076df80000,0x000000076df80000,0x0000000775c80000)
  from space 10240K, 99% used [0x0000000775c80000,0x000000077667e670,0x0000000776680000)
  to   space 15360K, 0% used [0x000000077e380000,0x000000077e380000,0x000000077f280000)
 ParOldGen       total 88576K, used 18534K [0x00000006c9e00000, 0x00000006cf480000, 0x000000076df80000)
  object space 88576K, 20% used [0x00000006c9e00000,0x00000006cb019840,0x00000006cf480000)
 Metaspace       used 23482K, capacity 24126K, committed 24320K, reserved 1071104K
  class space    used 2793K, capacity 2958K, committed 3072K, reserved 1048576K
}
Event: 55.375 GC heap before
{Heap before GC invocations=7 (full 1):
 PSYoungGen      total 138240K, used 138233K [0x000000076df80000, 0x000000077f280000, 0x00000007c0000000)
  eden space 128000K, 100% used [0x000000076df80000,0x0000000775c80000,0x0000000775c80000)
  from space 10240K, 99% used [0x0000000775c80000,0x000000077667e670,0x0000000776680000)
  to   space 15360K, 0% used [0x000000077e380000,0x000000077e380000,0x000000077f280000)
 ParOldGen       total 88576K, used 18534K [0x00000006c9e00000, 0x00000006cf480000, 0x000000076df80000)
  object space 88576K, 20% used [0x00000006c9e00000,0x00000006cb019840,0x00000006cf480000)
 Metaspace       used 28412K, capacity 29404K, committed 29696K, reserved 1075200K
  class space    used 3256K, capacity 3546K, committed 3584K, reserved 1048576K
Event: 55.433 GC heap after
Heap after GC invocations=7 (full 1):
 PSYoungGen      total 258560K, used 15356K [0x000000076df80000, 0x0000000780100000, 0x00000007c0000000)
  eden space 243200K, 0% used [0x000000076df80000,0x000000076df80000,0x000000077cd00000)
  from space 15360K, 99% used [0x000000077e380000,0x000000077f27f260,0x000000077f280000)
  to   space 23040K, 0% used [0x000000077cd00000,0x000000077cd00000,0x000000077e380000)
 ParOldGen       total 88576K, used 29584K [0x00000006c9e00000, 0x00000006cf480000, 0x000000076df80000)
  object space 88576K, 33% used [0x00000006c9e00000,0x00000006cbae42e0,0x00000006cf480000)
 Metaspace       used 28412K, capacity 29404K, committed 29696K, reserved 1075200K
  class space    used 3256K, capacity 3546K, committed 3584K, reserved 1048576K
}
Event: 55.728 GC heap before
{Heap before GC invocations=8 (full 1):
 PSYoungGen      total 258560K, used 258428K [0x000000076df80000, 0x0000000780100000, 0x00000007c0000000)
  eden space 243200K, 99% used [0x000000076df80000,0x000000077cce0088,0x000000077cd00000)
  from space 15360K, 99% used [0x000000077e380000,0x000000077f27f260,0x000000077f280000)
  to   space 23040K, 0% used [0x000000077cd00000,0x000000077cd00000,0x000000077e380000)
 ParOldGen       total 88576K, used 29584K [0x00000006c9e00000, 0x00000006cf480000, 0x000000076df80000)
  object space 88576K, 33% used [0x00000006c9e00000,0x00000006cbae42e0,0x00000006cf480000)
 Metaspace       used 29256K, capacity 30268K, committed 30592K, reserved 1077248K
  class space    used 3339K, capacity 3642K, committed 3712K, reserved 1048576K
Event: 55.752 GC heap after
Heap after GC invocations=8 (full 1):
 PSYoungGen      total 266240K, used 16783K [0x000000076df80000, 0x000000078df80000, 0x00000007c0000000)
  eden space 243200K, 0% used [0x000000076df80000,0x000000076df80000,0x000000077cd00000)
  from space 23040K, 72% used [0x000000077cd00000,0x000000077dd63e18,0x000000077e380000)
  to   space 23040K, 0% used [0x000000078c900000,0x000000078c900000,0x000000078df80000)
 ParOldGen       total 88576K, used 29584K [0x00000006c9e00000, 0x00000006cf480000, 0x000000076df80000)
  object space 88576K, 33% used [0x00000006c9e00000,0x00000006cbae42e0,0x00000006cf480000)
 Metaspace       used 29256K, capacity 30268K, committed 30592K, reserved 1077248K
  class space    used 3339K, capacity 3642K, committed 3712K, reserved 1048576K
}
Event: 55.875 GC heap before
{Heap before GC invocations=9 (full 1):
 PSYoungGen      total 266240K, used 259888K [0x000000076df80000, 0x000000078df80000, 0x00000007c0000000)
  eden space 243200K, 99% used [0x000000076df80000,0x000000077cce84b0,0x000000077cd00000)
  from space 23040K, 72% used [0x000000077cd00000,0x000000077dd63e18,0x000000077e380000)
  to   space 23040K, 0% used [0x000000078c900000,0x000000078c900000,0x000000078df80000)
 ParOldGen       total 88576K, used 29584K [0x00000006c9e00000, 0x00000006cf480000, 0x000000076df80000)
  object space 88576K, 33% used [0x00000006c9e00000,0x00000006cbae42e0,0x00000006cf480000)
 Metaspace       used 29461K, capacity 30460K, committed 30592K, reserved 1077248K
  class space    used 3366K, capacity 3642K, committed 3712K, reserved 1048576K
Event: 55.916 GC heap after
Heap after GC invocations=9 (full 1):
 PSYoungGen      total 500736K, used 17517K [0x000000076df80000, 0x000000078e500000, 0x00000007c0000000)
  eden space 477696K, 0% used [0x000000076df80000,0x000000076df80000,0x000000078b200000)
  from space 23040K, 76% used [0x000000078c900000,0x000000078da1b778,0x000000078df80000)
  to   space 23552K, 0% used [0x000000078b200000,0x000000078b200000,0x000000078c900000)
 ParOldGen       total 88576K, used 29592K [0x00000006c9e00000, 0x00000006cf480000, 0x000000076df80000)
  object space 88576K, 33% used [0x00000006c9e00000,0x00000006cbae62e0,0x00000006cf480000)
 Metaspace       used 29461K, capacity 30460K, committed 30592K, reserved 1077248K
  class space    used 3366K, capacity 3642K, committed 3712K, reserved 1048576K
}
Event: 56.205 GC heap before
{Heap before GC invocations=10 (full 1):
 PSYoungGen      total 500736K, used 495198K [0x000000076df80000, 0x000000078e500000, 0x00000007c0000000)
  eden space 477696K, 99% used [0x000000076df80000,0x000000078b1fc230,0x000000078b200000)
  from space 23040K, 76% used [0x000000078c900000,0x000000078da1b778,0x000000078df80000)
  to   space 23552K, 0% used [0x000000078b200000,0x000000078b200000,0x000000078c900000)
 ParOldGen       total 88576K, used 29592K [0x00000006c9e00000, 0x00000006cf480000, 0x000000076df80000)
  object space 88576K, 33% used [0x00000006c9e00000,0x00000006cbae62e0,0x00000006cf480000)
 Metaspace       used 29461K, capacity 30460K, committed 30592K, reserved 1077248K
  class space    used 3366K, capacity 3642K, committed 3712K, reserved 1048576K

